<?xml version="1.0" encoding="utf-8"?><testsuites name="pytest tests"><testsuite name="pytest" errors="0" failures="1" skipped="0" tests="52" time="14.518" timestamp="2026-06-02T23:08:16.967890+00:00" hostname="agent-env-a0f1f12e-0193-4736-bba1-4db383bd5e37"><testcase classname="backend.tests.test_finso_v4.TestTransactionsLimit" name="test_default_returns_many" time="0.867" /><testcase classname="backend.tests.test_finso_v4.TestTransactionsLimit" name="test_limit_param_caps_results" time="0.048" /><testcase classname="backend.tests.test_finso_v4.TestTransactionsLimit" name="test_limit_100_for_dashboard" time="0.052" /><testcase classname="backend.tests.test_finso_v4.TestTransactionsLimit" name="test_limit_with_type_filter" time="0.050" /><testcase classname="backend.tests.test_finso_v4.TestTransactionsLimit" name="test_results_sorted_desc_by_date" time="0.051" /><testcase classname="backend.tests.test_finso_v4.TestOldTransactions" name="test_seed_has_transactions_older_than_60_days" time="0.051"><failure message="TypeError: can't subtract offset-naive and offset-aware datetimes">backend/tests/test_finso_v4.py:82: in test_seed_has_transactions_older_than_60_days
    old = [t for t in items
backend/tests/test_finso_v4.py:83: in &lt;listcomp&gt;
    if (now - datetime.fromisoformat(t["date"].replace("Z", "+00:00"))).days &gt; 60]
        ^^^^^^^^^^^^^^^^^^^^^^^^^^^^^^^^^^^^^^^^^^^^^^^^^^^^^^^^^^^^^^
E   TypeError: can't subtract offset-naive and offset-aware datetimes</failure></testcase><testcase classname="backend.tests.test_finso_v4.TestRegressionV3" name="test_auth_admin_admin_still_works" time="0.272" /><testcase classname="backend.tests.test_finso_v4.TestRegressionV3" name="test_summary_breakdown_fields" time="0.053" /><testcase classname="backend.tests.test_finso_v4.TestRegressionV3" name="test_monthly_stats" time="0.047" /><testcase classname="backend.tests.test_finso_v4.TestRegressionV3" name="test_categories_have_income_and_expense_kinds" time="0.051" /><testcase classname="backend.tests.test_finso_v3.TestAuth" name="test_login_success" time="0.708" /><testcase classname="backend.tests.test_finso_v3.TestAuth" name="test_login_wrong_password" time="0.274" /><testcase classname="backend.tests.test_finso_v3.TestAuth" name="test_login_wrong_username" time="0.049" /><testcase classname="backend.tests.test_finso_v3.TestAuth" name="test_me_with_token" time="0.325" /><testcase classname="backend.tests.test_finso_v3.TestAuth" name="test_me_no_token" time="0.118" /><testcase classname="backend.tests.test_finso_v3.TestAuth" name="test_me_invalid_token" time="0.122" /><testcase classname="backend.tests.test_finso_v3.TestAuth" name="test_change_creds_full_flow" time="2.347" /><testcase classname="backend.tests.test_finso_v3.TestTransactionDate" name="test_tx_with_no_date_uses_now" time="0.142" /><testcase classname="backend.tests.test_finso_v3.TestTransactionDate" name="test_tx_with_explicit_date" time="0.144" /><testcase classname="backend.tests.test_finso_v3.TestInvestments" name="test_create_investment_without_current_price" time="0.095" /><testcase classname="backend.tests.test_finso_v3.TestInvestments" name="test_create_investment_with_current_price" time="0.100" /><testcase classname="backend.tests.test_finso_v3.TestInvestments" name="test_bulk_update_prices_and_snapshot" time="0.247" /><testcase classname="backend.tests.test_finso_v3.TestInvestments" name="test_snapshots_periods" time="0.244" /><testcase classname="backend.tests.test_finso_v3.TestInvestments" name="test_summary_investments_try_uses_current_price" time="0.163" /><testcase classname="backend.tests.test_finso_v3.TestRates" name="test_custom_rates_enabled_flag" time="0.144" /><testcase classname="backend.tests.test_finso_v3.TestFactoryReset" name="test_factory_reset_preserves_auth_clears_data_no_autoseed" time="2.653" /><testcase classname="backend.tests.test_finso_v2" name="test_settings_get_default" time="0.248" /><testcase classname="backend.tests.test_finso_v2" name="test_settings_put_and_persist" time="0.155" /><testcase classname="backend.tests.test_finso_v2" name="test_rates_includes_live_and_flag" time="0.052" /><testcase classname="backend.tests.test_finso_v2" name="test_categories_defaults" time="0.053" /><testcase classname="backend.tests.test_finso_v2" name="test_category_crud" time="0.261" /><testcase classname="backend.tests.test_finso_v2" name="test_transactions_have_source_fields" time="0.049" /><testcase classname="backend.tests.test_finso_v2" name="test_expense_via_card_increases_debt" time="0.265" /><testcase classname="backend.tests.test_finso_v2" name="test_expense_via_account_decreases_balance" time="0.290" /><testcase classname="backend.tests.test_finso_v2" name="test_card_payment_decreases_both" time="0.667" /><testcase classname="backend.tests.test_finso_v2" name="test_patch_account_card_tx_investment" time="0.680" /><testcase classname="backend.tests.test_finso_v2" name="test_transfer_same_currency" time="0.205" /><testcase classname="backend.tests.test_finso_v2" name="test_transfer_diff_currency_auto" time="0.149" /><testcase classname="backend.tests.test_finso_v2" name="test_transfer_manual_to_amount" time="0.148" /><testcase classname="backend.tests.test_finso_v2" name="test_monthly_stats" time="0.054" /><testcase classname="backend.tests.test_finso_v2" name="test_factory_reset" time="0.408" /><testcase classname="backend.tests.test_finso_api" name="test_rates" time="0.175" /><testcase classname="backend.tests.test_finso_api" name="test_seed_force" time="0.084" /><testcase classname="backend.tests.test_finso_api" name="test_seed_idempotent_no_force" time="0.064" /><testcase classname="backend.tests.test_finso_api" name="test_summary" time="0.066" /><testcase classname="backend.tests.test_finso_api" name="test_accounts_list_no_objectid" time="0.066" /><testcase classname="backend.tests.test_finso_api" name="test_cards_list" time="0.060" /><testcase classname="backend.tests.test_finso_api" name="test_transactions_list" time="0.061" /><testcase classname="backend.tests.test_finso_api" name="test_transactions_filter_q" time="0.061" /><testcase classname="backend.tests.test_finso_api" name="test_create_transaction_usd_converts" time="0.261" /><testcase classname="backend.tests.test_finso_api" name="test_investments_list" time="0.084" /><testcase classname="backend.tests.test_finso_api" name="test_create_and_update_investment" time="0.250" /></testsuite></testsuites>