<?xml version="1.0" encoding="utf-8"?><testsuites name="pytest tests"><testsuite name="pytest" errors="0" failures="0" skipped="0" tests="11" time="1.528" timestamp="2026-06-02T20:45:22.079041+00:00" hostname="agent-env-a0f1f12e-0193-4736-bba1-4db383bd5e37"><testcase classname="backend.tests.test_finso_api" name="test_rates" time="0.459" /><testcase classname="backend.tests.test_finso_api" name="test_seed_force" time="0.060" /><testcase classname="backend.tests.test_finso_api" name="test_seed_idempotent_no_force" time="0.052" /><testcase classname="backend.tests.test_finso_api" name="test_summary" time="0.056" /><testcase classname="backend.tests.test_finso_api" name="test_accounts_list_no_objectid" time="0.051" /><testcase classname="backend.tests.test_finso_api" name="test_cards_list" time="0.051" /><testcase classname="backend.tests.test_finso_api" name="test_transactions_list" time="0.050" /><testcase classname="backend.tests.test_finso_api" name="test_transactions_filter_q" time="0.050" /><testcase classname="backend.tests.test_finso_api" name="test_create_transaction_usd_converts" time="0.355" /><testcase classname="backend.tests.test_finso_api" name="test_investments_list" time="0.055" /><testcase classname="backend.tests.test_finso_api" name="test_create_and_update_investment" time="0.212" /></testsuite></testsuites>