<?xml version="1.0" encoding="utf-8"?><testsuites name="pytest tests"><testsuite name="pytest" errors="0" failures="0" skipped="0" tests="16" time="8.406" timestamp="2026-06-02T21:50:16.787469+00:00" hostname="agent-env-a0f1f12e-0193-4736-bba1-4db383bd5e37"><testcase classname="backend.tests.test_finso_v3.TestAuth" name="test_login_success" time="1.033" /><testcase classname="backend.tests.test_finso_v3.TestAuth" name="test_login_wrong_password" time="0.276" /><testcase classname="backend.tests.test_finso_v3.TestAuth" name="test_login_wrong_username" time="0.048" /><testcase classname="backend.tests.test_finso_v3.TestAuth" name="test_me_with_token" time="0.344" /><testcase classname="backend.tests.test_finso_v3.TestAuth" name="test_me_no_token" time="0.109" /><testcase classname="backend.tests.test_finso_v3.TestAuth" name="test_me_invalid_token" time="0.141" /><testcase classname="backend.tests.test_finso_v3.TestAuth" name="test_change_creds_full_flow" time="2.387" /><testcase classname="backend.tests.test_finso_v3.TestTransactionDate" name="test_tx_with_no_date_uses_now" time="0.168" /><testcase classname="backend.tests.test_finso_v3.TestTransactionDate" name="test_tx_with_explicit_date" time="0.157" /><testcase classname="backend.tests.test_finso_v3.TestInvestments" name="test_create_investment_without_current_price" time="0.103" /><testcase classname="backend.tests.test_finso_v3.TestInvestments" name="test_create_investment_with_current_price" time="0.104" /><testcase classname="backend.tests.test_finso_v3.TestInvestments" name="test_bulk_update_prices_and_snapshot" time="0.261" /><testcase classname="backend.tests.test_finso_v3.TestInvestments" name="test_snapshots_periods" time="0.254" /><testcase classname="backend.tests.test_finso_v3.TestInvestments" name="test_summary_investments_try_uses_current_price" time="0.169" /><testcase classname="backend.tests.test_finso_v3.TestRates" name="test_custom_rates_enabled_flag" time="0.155" /><testcase classname="backend.tests.test_finso_v3.TestFactoryReset" name="test_factory_reset_preserves_auth_clears_data_no_autoseed" time="2.631" /></testsuite></testsuites>