<?xml version="1.0" encoding="utf-8"?><testsuites name="pytest tests"><testsuite name="pytest" errors="0" failures="0" skipped="0" tests="15" time="3.380" timestamp="2026-06-02T21:13:34.143142+00:00" hostname="agent-env-a0f1f12e-0193-4736-bba1-4db383bd5e37"><testcase classname="backend.tests.test_finso_v2" name="test_settings_get_default" time="0.493" /><testcase classname="backend.tests.test_finso_v2" name="test_settings_put_and_persist" time="0.156" /><testcase classname="backend.tests.test_finso_v2" name="test_rates_includes_live_and_flag" time="0.052" /><testcase classname="backend.tests.test_finso_v2" name="test_categories_defaults" time="0.049" /><testcase classname="backend.tests.test_finso_v2" name="test_category_crud" time="0.246" /><testcase classname="backend.tests.test_finso_v2" name="test_transactions_have_source_fields" time="0.050" /><testcase classname="backend.tests.test_finso_v2" name="test_expense_via_card_increases_debt" time="0.238" /><testcase classname="backend.tests.test_finso_v2" name="test_expense_via_account_decreases_balance" time="0.238" /><testcase classname="backend.tests.test_finso_v2" name="test_card_payment_decreases_both" time="0.304" /><testcase classname="backend.tests.test_finso_v2" name="test_patch_account_card_tx_investment" time="0.568" /><testcase classname="backend.tests.test_finso_v2" name="test_transfer_same_currency" time="0.184" /><testcase classname="backend.tests.test_finso_v2" name="test_transfer_diff_currency_auto" time="0.145" /><testcase classname="backend.tests.test_finso_v2" name="test_transfer_manual_to_amount" time="0.153" /><testcase classname="backend.tests.test_finso_v2" name="test_monthly_stats" time="0.047" /><testcase classname="backend.tests.test_finso_v2" name="test_factory_reset" time="0.364" /></testsuite></testsuites>